2024-10-08T02:19:13.971Z - POST /resources - 200
2024-10-08T02:19:13.977Z - GET /resources - 200
2024-10-08T02:19:13.980Z - PUT /resources/1 - 200
2024-10-08T02:19:13.981Z - DELETE /resources/1 - 200
2024-10-08T02:19:51.859Z - GET / - 200
2024-10-08T02:19:56.140Z - GET / - 200
2024-10-08T02:20:10.084Z - POST /resources - 200
2024-10-08T02:20:12.061Z - GET /resources - 200
2024-10-08T02:20:16.619Z - PUT /resources/123 - 200
2024-10-08T02:20:18.378Z - GET /resources - 200
2024-10-08T02:20:21.645Z - DELETE /resources/123 - 200
2024-10-08T02:20:24.708Z - DELETE /resources/11 - 200
2024-10-08T02:20:30.490Z - POST /resources - 200
2024-10-08T02:20:32.001Z - GET /resources - 200
2024-10-08T02:20:35.202Z - POST /resources - 200
2024-10-08T02:20:36.264Z - GET /resources - 200
2024-10-08T02:20:39.466Z - POST /resources - 200
2024-10-08T02:20:51.657Z - PUT /resources/154 - 200
2024-10-08T02:25:37.991Z - GET / - 200
2024-10-08T02:25:40.192Z - GET / - 200
2024-10-08T02:27:01.717Z - POST /resources - 200
2024-10-08T02:27:01.723Z - GET /resources - 200
2024-10-08T02:27:01.725Z - PUT /resources/1 - 200
2024-10-08T02:27:01.727Z - DELETE /resources/1 - 200
